<?xml version="1.0" encoding="UTF-8"?>
<!-- Generated by org.testng.reporters.JUnitReportReporter -->
<testsuite skipped="0" hostname="Irappa" name="com.swc.testscripts.U_LoginPage" tests="1" failures="0" timestamp="06 Aug 2018 13:07:26 GMT" time="12.444" errors="0">
  <testcase name="testValidLogin" time="12.444" classname="com.swc.testscripts.U_LoginPage"/>
</testsuite> <!-- com.swc.testscripts.U_LoginPage -->
