<?xml version="1.0" encoding="UTF-8"?>
<!-- Generated by org.testng.reporters.JUnitReportReporter -->
<testsuite hostname="Irappa" name="com.swc.testscripts.InvalidLogin" tests="1" failures="0" timestamp="14 Sep 2018 17:04:14 GMT" time="33.974" errors="0">
  <testcase name="testbInvalidLogin" time="33.974" classname="com.swc.testscripts.InvalidLogin"/>
</testsuite> <!-- com.swc.testscripts.InvalidLogin -->
