<?xml version="1.0" encoding="UTF-8"?>
<!-- Generated by org.testng.reporters.JUnitReportReporter -->
<testsuite skipped="0" hostname="Irappa" name="com.swc.testscripts.U_LoginPage" tests="1" failures="0" timestamp="07 Aug 2018 05:28:10 GMT" time="80.059" errors="0">
  <testcase name="testValidLogin" time="80.059" classname="com.swc.testscripts.U_LoginPage"/>
</testsuite> <!-- com.swc.testscripts.U_LoginPage -->
