<?xml version="1.0" encoding="UTF-8"?>
<!-- Generated by org.testng.reporters.JUnitReportReporter -->
<testsuite hostname="Irappa" name="com.swc.testscripts.InvalidLogin" tests="1" failures="0" timestamp="12 Sep 2018 11:23:38 GMT" time="21.175" errors="0">
  <testcase name="testbInvalidLogin" time="21.175" classname="com.swc.testscripts.InvalidLogin"/>
</testsuite> <!-- com.swc.testscripts.InvalidLogin -->
