<?xml version="1.0" encoding="UTF-8"?>
<!-- Generated by org.testng.reporters.JUnitReportReporter -->
<testsuite skipped="0" hostname="Irappa" name="com.swc.testscripts.InvalidLogin" tests="1" failures="0" timestamp="06 Aug 2018 13:07:26 GMT" time="26.537" errors="0">
  <testcase name="testbInvalidLogin" time="26.537" classname="com.swc.testscripts.InvalidLogin"/>
</testsuite> <!-- com.swc.testscripts.InvalidLogin -->
