<?xml version="1.0" encoding="UTF-8"?>
<!-- Generated by org.testng.reporters.JUnitReportReporter -->
<testsuite skipped="0" hostname="Irappa" name="com.swc.testscripts.InvalidLogin" tests="1" failures="0" timestamp="07 Aug 2018 05:28:10 GMT" time="33.739" errors="0">
  <testcase name="testbInvalidLogin" time="33.739" classname="com.swc.testscripts.InvalidLogin"/>
</testsuite> <!-- com.swc.testscripts.InvalidLogin -->
