<?xml version="1.0" encoding="UTF-8"?>
<!-- Generated by org.testng.reporters.JUnitReportReporter -->
<testsuite skipped="0" hostname="Irappa" name="com.swc.testscripts.InvalidLogin" tests="1" failures="0" timestamp="07 Aug 2018 06:10:08 GMT" time="29.530" errors="0">
  <testcase name="testbInvalidLogin" time="29.530" classname="com.swc.testscripts.InvalidLogin"/>
</testsuite> <!-- com.swc.testscripts.InvalidLogin -->
