<?xml version="1.0" encoding="UTF-8"?>
<!-- Generated by org.testng.reporters.JUnitReportReporter -->
<testsuite hostname="Irappa" name="com.swc.testscripts.Home_page" tests="2" failures="0" timestamp="14 Sep 2018 17:04:14 GMT" time="30.355" errors="0">
  <testcase name="WaterConsumptionInLitres" time="15.985" classname="com.swc.testscripts.Home_page"/>
  <testcase name="WaterConsumptionInLitres" time="14.370" classname="com.swc.testscripts.Home_page"/>
</testsuite> <!-- com.swc.testscripts.Home_page -->
