<?xml version="1.0" encoding="UTF-8"?>
<!-- Generated by org.testng.reporters.JUnitReportReporter -->
<testsuite hostname="Irappa" name="com.swc.testscripts.U_LoginPage" tests="1" failures="0" timestamp="14 Sep 2018 17:04:14 GMT" time="12.351" errors="0">
  <testcase name="testValidLogin" time="12.351" classname="com.swc.testscripts.U_LoginPage"/>
</testsuite> <!-- com.swc.testscripts.U_LoginPage -->
